<?xml version="1.0" encoding="UTF-8"?>
<!-- Generated by org.testng.reporters.JUnitReportReporter -->
<testsuite hostname="LAPTOP-K33ECSO0" name="testcases.login.test_case_006_login_change_language" tests="1" failures="0" timestamp="31 Jul 2017 07:14:25 GMT" time="73.162" errors="0">
  <testcase name="test_change_language" time="73.162" classname="testcases.login.test_case_006_login_change_language"/>
</testsuite> <!-- testcases.login.test_case_006_login_change_language -->
