<?xml version="1.0" encoding="UTF-8"?>
<!-- Generated by org.testng.reporters.JUnitReportReporter -->
<testsuite hostname="LAPTOP-K33ECSO0" name="testcases.login.test_case_007_login_enter_third_website" tests="1" failures="0" timestamp="31 Jul 2017 11:23:46 GMT" time="37.897" errors="0">
  <testcase name="test_third_website" time="37.897" classname="testcases.login.test_case_007_login_enter_third_website"/>
</testsuite> <!-- testcases.login.test_case_007_login_enter_third_website -->
