<?xml version="1.0" encoding="UTF-8"?>
<!-- Generated by org.testng.reporters.JUnitReportReporter -->
<testsuite hostname="LAPTOP-K33ECSO0" name="testcases.login.test_case_005_login_forget_passwd" tests="1" failures="0" timestamp="23 Jul 2017 07:03:40 GMT" time="38.545" errors="0">
  <testcase name="test_login_forget_passwd" time="38.545" classname="testcases.login.test_case_005_login_forget_passwd"/>
</testsuite> <!-- testcases.login.test_case_005_login_forget_passwd -->
